
DisplayName                                                      DisplayVersion                                                   Publisher                                                        InstallDate                                                      

7-Zip 24.09 (x64)                                                24.09                                                            Igor Pavlov                                                      
Microsoft Corporation                                            
Notepad++ (64-bit x64)                                           8.8.1                                                            Notepad++ Team                                                   
Microsoft 365 Apps for enterprise - en-us                        16.0.17328.20794                                                 Microsoft Corporation                                            
Microsoft OneDrive                                               25.060.0330.0003                                                 Microsoft Corporation                                            
QEMU                                                             9.2.50                                                           QEMU Community                                                   
Microsoft.NET.Workload.Emscripten.net7.Manifest (x64)            64.64.32692                                                      Microsoft Corporation                                            20250529                                                         
Microsoft .NET Runtime - 8.0.16 (x64)                            64.64.32758                                                      Microsoft Corporation                                            20250529                                                         
Microsoft Sync Framework 2.0 Provider Services (x64) ENU         2.0.1578.0                                                       Microsoft Corporation                                            20240110                                                         
Google Chrome                                                    137.0.7151.69                                                    Google LLC                                                       20250603                                                         
Qualys Cloud Security Agent                                      6.0.0.13                                                         Qualys, Inc.                                                     20250502                                                         
Microsoft.NET.Workload.Mono.Toolchain.net6.Manifest (x64)        64.64.32758                                                      Microsoft Corporation                                            20250529                                                         
Java(TM) SE Development Kit 22 (64-bit)                          22.0.0.0                                                         Oracle Corporation                                               20250526                                                         
Microsoft ASP.NET Core 8.0.16 Targeting Pack (x64)               8.0.16.25216                                                     Microsoft Corporation                                            20250529                                                         
Microsoft .NET Toolset 8.0.410 (x64)                             32.11.36792                                                      Microsoft Corporation                                            20250529                                                         
Microsoft.NET.Sdk.Maui.Manifest-8.0.100 (x64)                    8.0.3                                                            Microsoft Corporation                                            20250430                                                         
DesktopAlert (Machine - MSI)                                     3.0.8.0                                                          OnSolve                                                          20250509                                                         
DesktopAlert (Machine)                                           3.0.8                                                            OnSolve                                                          
Microsoft Visual C++ 2022 X64 Minimum Runtime - 14.38.33130      14.38.33130                                                      Microsoft Corporation                                            20240110                                                         
VPSX Printer Driver Management                                   1.078.100                                                        Levi, Ray & Shoup, Inc                                           20250502                                                         
Nexthink Collector                                               25.4.01041                                                       Nexthink S.A.                                                    20250609                                                         
Microsoft .NET Host - 8.0.16 (x64)                               64.64.32758                                                      Microsoft Corporation                                            20250529                                                         
64 Bit HP CIO Components Installer                               22.2.1                                                           HP Inc.                                                          20250502                                                         
Steelray Project Viewer                                          6.20.0                                                           Steelray Software                                                20250430                                                         
Microsoft.NET.Sdk.tvOS.Manifest-8.0.100 (x64)                    17.0.8478                                                        Microsoft Corporation                                            20250430                                                         
AgentInstall-x64_16_0                                            16.0.10106.60500                                                 Symantec Corp.                                                   20250509                                                         
GlobalProtect                                                    6.2.7                                                            Palo Alto Networks                                               20250430                                                         
Chrome Customizations                                            80                                                               Deloitte                                                         20250430                                                         
CrowdStrike Firmware Analysis                                    7.14.18456.0                                                     CrowdStrike, Inc.                                                20250430                                                         
Druva inSync 7.5.6                                               7.5.6.0                                                          Druva Technologies Pte. Ltd.                                     20250502                                                         
Microsoft.NET.Workload.Mono.Toolchain.Current.Manifest (x64)     64.64.32758                                                      Microsoft Corporation                                            20250529                                                         
Microsoft.NET.Sdk.iOS.Manifest-8.0.100 (x64)                     17.0.8478                                                        Microsoft Corporation                                            20250430                                                         
Java(TM) SE Development Kit 17 (64-bit)                          17.0.0.0                                                         Oracle Corporation                                               20250528                                                         
Java(TM) SE Development Kit 11.0.15 (64-bit)                     11.0.15.0                                                        Oracle Corporation                                               20250528                                                         
Microsoft.NET.Sdk.MacCatalyst.Manifest-8.0.100 (x64)             17.0.8478                                                        Microsoft Corporation                                            20250430                                                         
Microsoft Sync Framework 2.0 Core Components (x64) ENU           2.0.1578.0                                                       Microsoft Corporation                                            20240110                                                         
Office 16 Click-to-Run Licensing Component                       16.0.17328.20794                                                 Microsoft Corporation                                            20250515                                                         
Office 16 Click-to-Run Extensibility Component                   16.0.17328.20346                                                 Microsoft Corporation                                            20250506                                                         
CrowdStrike Device Control                                       7.10.18083.0                                                     CrowdStrike, Inc.                                                20250430                                                         
BeyondTrust Privilege Management Cloud Adapter (x64)             23.8.515                                                         BeyondTrust Corporation                                          20250509                                                         
Configuration Manager Client                                     5.00.9132.1000                                                   Microsoft Corporation                                            20250516                                                         
Microsoft.NET.Sdk.macOS.Manifest-8.0.100 (x64)                   14.0.8478                                                        Microsoft Corporation                                            20250430                                                         
Microsoft .NET 8.0 Templates 8.0.410 (x64)                       32.13.36792                                                      Microsoft Corporation                                            20250529                                                         
Microsoft Windows Desktop Targeting Pack - 8.0.16 (x64)          64.64.32786                                                      Microsoft Corporation                                            20250529                                                         
Privilege Management for Windows (x64) 23.9.225.0                23.9.225.0                                                       BeyondTrust Corporation                                          20250509                                                         
HP Display Center                                                1.0.40                                                           HP Inc.                                                          20250509                                                         
Walkme-Installer-Chrome-Firefox-Edge-Chromium-IEWithAutoUpdate (x64)   2.5.12                                                           WalkMe                                                           20250509                                                         
Microsoft .NET Standard Targeting Pack - 2.1.0 (x64)             24.0.28113                                                       Microsoft Corporation                                            20250430                                                         
Microsoft Teams Meeting Add-in for Microsoft Office              1.25.08601                                                       Microsoft                                                        20250516                                                         
Microsoft Windows Desktop Runtime - 8.0.16 (x64)                 64.64.32786                                                      Microsoft Corporation                                            20250529                                                         
Microsoft .NET Targeting Pack - 8.0.16 (x64)                     64.64.32758                                                      Microsoft Corporation                                            20250529                                                         
Adobe Acrobat (64-bit)                                           25.001.20474                                                     Adobe                                                            20250520                                                         
Microsoft Visual C++ 2005 Redistributable (x64)                  8.0.61000                                                        Microsoft Corporation                                            20250502                                                         
CrowdStrike Sensor Platform                                      7.20.19011.0                                                     CrowdStrike, Inc.                                                20250430                                                         
Microsoft ASP.NET Core 8.0.16 Shared Framework (x64)             8.0.16.25216                                                     Microsoft Corporation                                            20250529                                                         
Oracle VirtualBox 7.1.8                                          7.1.8                                                            Oracle and/or its affiliates                                     20250511                                                         
Microsoft.NET.Sdk.Android.Manifest-8.0.100 (x64)                 34.0.43                                                          Microsoft Corporation                                            20250430                                                         
Microsoft .NET AppHost Pack - 8.0.16 (x64_arm64)                 64.64.32758                                                      Microsoft Corporation                                            20250529                                                         
Microsoft .NET AppHost Pack - 8.0.16 (x64_x86)                   64.64.32758                                                      Microsoft Corporation                                            20250529                                                         
Microsoft Visual C++ 2022 X64 Additional Runtime - 14.38.33130   14.38.33130                                                      Microsoft Corporation                                            20240110                                                         
Microsoft Update Health Tools                                    5.72.0.0                                                         Microsoft Corporation                                            20250506                                                         
Microsoft Policy Platform                                        68.1.9099.1053                                                   Microsoft Corporation                                            20250502                                                         
Microsoft.NET.Workload.Mono.Toolchain.net7.Manifest (x64)        64.64.32758                                                      Microsoft Corporation                                            20250529                                                         
WinZip 29.0                                                      29.0.16250                                                       Corel Corporation                                                20250503                                                         
Snagit 2024                                                      24.2.1                                                           TechSmith Corporation                                            20250509                                                         
Microsoft.NET.Workload.Emscripten.net6.Manifest (x64)            64.64.32692                                                      Microsoft Corporation                                            20250529                                                         
Deloitte CrowdStrike Windows Sensor Certificates                 1.00.0000                                                        Deloitte                                                         20250430                                                         
Microsoft .NET Host FX Resolver - 8.0.16 (x64)                   64.64.32758                                                      Microsoft Corporation                                            20250529                                                         
Microsoft.NET.Workload.Emscripten.Current.Manifest (x64)         64.64.32692                                                      Microsoft Corporation                                            20250529                                                         
255.255.65535.0                                                  
Access Experience                                                5.6.14                                                           Palo Alto Networks                                               20250527                                                         
Local Administrator Password Solution                            6.2.0.0                                                          Microsoft Corporation                                            20250430                                                         
PuTTY release 0.83 (64-bit)                                      0.83.0.0                                                         Simon Tatham                                                     20250526                                                         
Microsoft .NET AppHost Pack - 8.0.16 (x64)                       64.64.32758                                                      Microsoft Corporation                                            20250529                                                         
Zoom Workplace (64-bit)                                          6.4.64367                                                        Zoom                                                             20250602                                                         
Microsoft.NET.Sdk.Aspire.Manifest-8.0.100 (x64)                  64.0.5426                                                        Microsoft Corporation                                            20250430                                                         
BIG-IP Edge Client Components (All Users)                        72.2024.0910.0609                                                F5 Networks, Inc.                                                
Microsoft Edge                                                   137.0.3296.68                                                    Microsoft Corporation                                            20250609                                                         
1.3.195.61                                                       
Microsoft Edge WebView2 Runtime                                  137.0.3296.68                                                    Microsoft Corporation                                            20250609                                                         
Microsoft .NET SDK 8.0.410 (x64)                                 8.4.1025.26616                                                   Microsoft Corporation                                            
Microsoft Purview Information Protection                         3.1.105.0                                                        Microsoft Corporation                                            
Microsoft Visual C++ 2015-2022 Redistributable (x64) - 14.38.33130 14.38.33130.0                                                    Microsoft Corporation                                            
Deloitte Connect Network Drives                                  1.00.0000                                                        Deloitte Services LP                                             20240110                                                         
Microsoft Visual C++ 2015-2022 Redistributable (x86) - 14.38.33130 14.38.33130.0                                                    Microsoft Corporation                                            
Netwrix Password Policy Enforcer 10.2                            10.2                                                             Netwrix                                                          20250516                                                         
Microsoft Visual C++ 2022 X86 Additional Runtime - 14.38.33130   14.38.33130                                                      Microsoft Corporation                                            20240110                                                         
BIG-IP Edge Client                                               72.24.0910.0609                                                  F5 Networks, Inc.                                                20250606                                                         
Microsoft Purview Information Protection                         3.1.105.0                                                        Microsoft Corporation                                            20250511                                                         
Deloitte Signatures                                              3.20.0000                                                        Deloitte                                                         20250509                                                         
Microsoft Intune Management Extension                            1.91.102.0                                                       Microsoft Corporation                                            20250529                                                         
DBLPS                                                            5.4                                                              Deloitte DBLP                                                    20250509                                                         
Netskope Client                                                  123.0.0.2272                                                     Netskope, Inc.                                                   20250430                                                         
Microsoft Visual C++ 2008 Redistributable - x86 9.0.30729.17     9.0.30729                                                        Microsoft Corporation                                            20240110                                                         
Microsoft Visual C++ 2008 Redistributable - x86 9.0.30729.6161   9.0.30729.6161                                                   Microsoft Corporation                                            20240110                                                         
Adobe Refresh Manager                                            1.8.0                                                            Adobe Systems Incorporated                                       20250513                                                         
Global Data Migration Toolkit                                    10.4.0.3                                                         Deloitte Touche Tohmatsu Limited                                 20250502                                                         
Deloitte Templates                                               1.5.5                                                            Deloitte                                                         20250502                                                         
Microsoft Search in Bing                                         2.0.2                                                            Microsoft Corporation                                            20250506                                                         
CrowdStrike Windows Sensor                                       7.20.19011.0                                                     CrowdStrike, Inc.                                                20250430                                                         
Office365 Pro Plus Config                                        1.04.0000                                                        Deloitte                                                         20250430                                                         
DefaultPackMSI                                                   4.6.2.0                                                          Microsoft                                                        20250506                                                         
Deloitte - LogMeIn Rescue Calling Card                           7.51.1054                                                        LogMeIn, Inc.                                                    20250502                                                         
Microsoft Visual C++ 2022 X86 Minimum Runtime - 14.38.33130      14.38.33130                                                      Microsoft Corporation                                            20240110                                                         
WinZip Self-Extractor                                            4.0.12218.0                                                      WinZip Computing, S.L.                                           20240110                                                         
Fusion DB Connect 6.6                                            6.6                                                              STFWorks                                                         
Postman x86_64 11.47.1                                           11.47.1                                                          Postman                                                          20250529                                                         
Saba Meeting App                                                 8.5.12.1.76                                                      Saba                                                             
Microsoft Visual Studio Code (User)                              1.100.2                                                          Microsoft Corporation                                            20250529                                                         
